<?xml version="1.0" encoding="UTF-8"?>
<!-- Generated by org.testng.reporters.JUnitReportReporter -->
<testsuite skipped="0" hostname="DESKTOP-NQN1D86" name="com.selenium.practice.PracticeTest" tests="1" failures="0" timestamp="04 Apr 2021 06:57:03 GMT" time="0.003" errors="0">
  <testcase name="test1" time="0.003" classname="com.selenium.practice.PracticeTest"/>
</testsuite> <!-- com.selenium.practice.PracticeTest -->
