<?xml version="1.0" encoding="UTF-8"?>
<!-- Generated by org.testng.reporters.JUnitReportReporter -->
<testsuite skipped="0" hostname="DESKTOP-NQN1D86" name="com.selenium.practice.W3schoolsDemoTest" tests="1" failures="0" timestamp="04 Apr 2021 06:57:03 GMT" time="93.597" errors="0">
  <testcase name="W3schoolsDemoTest" time="93.597" classname="com.selenium.practice.W3schoolsDemoTest"/>
</testsuite> <!-- com.selenium.practice.W3schoolsDemoTest -->
