<?xml version="1.0" encoding="UTF-8"?>
<!-- Generated by org.testng.reporters.JUnitReportReporter -->
<testsuite skipped="0" hostname="DESKTOP-NQN1D86" name="com.selenium.practice.ClearTripTest" tests="1" failures="0" timestamp="04 Apr 2021 06:57:03 GMT" time="2.500" errors="0">
  <testcase name="clearTript" time="2.500" classname="com.selenium.practice.ClearTripTest"/>
</testsuite> <!-- com.selenium.practice.ClearTripTest -->
