<?xml version="1.0" encoding="UTF-8"?>
<!-- Generated by org.testng.reporters.JUnitReportReporter -->
<testsuite skipped="0" hostname="DESKTOP-NQN1D86" name="com.selenium.practice.W3schoolsTest" tests="1" failures="0" timestamp="04 Apr 2021 06:57:03 GMT" time="2.716" errors="0">
  <testcase name="W3schoolsTest" time="2.716" classname="com.selenium.practice.W3schoolsTest"/>
</testsuite> <!-- com.selenium.practice.W3schoolsTest -->
